<?xml version="1.0" encoding="utf-8"?><testsuites name="pytest tests"><testsuite name="pytest" errors="0" failures="0" skipped="0" tests="24" time="17.801" timestamp="2026-02-09T03:00:30.288498+00:00" hostname="agent-env-a926fdba-a80e-46bd-ae06-013a71fafb2b"><testcase classname="backend.tests.test_crucibai_api.TestHealthEndpoints" name="test_health_endpoint" time="0.075" /><testcase classname="backend.tests.test_crucibai_api.TestHealthEndpoints" name="test_root_endpoint" time="0.042" /><testcase classname="backend.tests.test_crucibai_api.TestAIChatEndpoints" name="test_ai_chat_auto_model" time="2.307" /><testcase classname="backend.tests.test_crucibai_api.TestAIChatEndpoints" name="test_ai_chat_gpt4o_model" time="0.383" /><testcase classname="backend.tests.test_crucibai_api.TestAIChatEndpoints" name="test_ai_chat_claude_model" time="2.589" /><testcase classname="backend.tests.test_crucibai_api.TestAIChatEndpoints" name="test_ai_chat_gemini_model" time="0.748" /><testcase classname="backend.tests.test_crucibai_api.TestAIChatEndpoints" name="test_ai_chat_with_session" time="1.948" /><testcase classname="backend.tests.test_crucibai_api.TestAIAnalysisEndpoints" name="test_ai_analyze_summarize" time="0.517" /><testcase classname="backend.tests.test_crucibai_api.TestAIAnalysisEndpoints" name="test_ai_analyze_extract" time="0.983" /><testcase classname="backend.tests.test_crucibai_api.TestSearchEndpoint" name="test_hybrid_search" time="7.134" /><testcase classname="backend.tests.test_crucibai_api.TestAuthEndpoints" name="test_register_new_user" time="0.075" /><testcase classname="backend.tests.test_crucibai_api.TestAuthEndpoints" name="test_register_duplicate_email" time="0.073" /><testcase classname="backend.tests.test_crucibai_api.TestAuthEndpoints" name="test_login_valid_credentials" time="0.072" /><testcase classname="backend.tests.test_crucibai_api.TestAuthEndpoints" name="test_login_invalid_credentials" time="0.031" /><testcase classname="backend.tests.test_crucibai_api.TestAuthEndpoints" name="test_get_me_authenticated" time="0.070" /><testcase classname="backend.tests.test_crucibai_api.TestAuthEndpoints" name="test_get_me_unauthenticated" time="0.035" /><testcase classname="backend.tests.test_crucibai_api.TestTokenEndpoints" name="test_get_bundles" time="0.032" /><testcase classname="backend.tests.test_crucibai_api.TestTokenEndpoints" name="test_purchase_tokens" time="0.071" /><testcase classname="backend.tests.test_crucibai_api.TestTokenEndpoints" name="test_get_token_history" time="0.110" /><testcase classname="backend.tests.test_crucibai_api.TestAgentsEndpoints" name="test_get_agents" time="0.038" /><testcase classname="backend.tests.test_crucibai_api.TestPatternsEndpoints" name="test_get_patterns" time="0.072" /><testcase classname="backend.tests.test_crucibai_api.TestDashboardEndpoints" name="test_get_dashboard_stats" time="0.076" /><testcase classname="backend.tests.test_crucibai_api.TestProjectEndpoints" name="test_create_project" time="0.075" /><testcase classname="backend.tests.test_crucibai_api.TestProjectEndpoints" name="test_get_projects" time="0.106" /></testsuite></testsuites>