{
  "runId": "2026-02-09T22-58-24",
  "timestamp": "2026-02-09T23:01:20.429Z",
  "overall": "FAIL",
  "passed": 21,
  "failed": 5,
  "total": 26,
  "results": [
    {
      "testName": "1.1 Linting",
      "testId": "1.1",
      "layer": 1,
      "status": "PASSED",
      "severity": "HIGH",
      "timestamp": "2026-02-09T22:58:24.327Z",
      "pipelineRunId": "2026-02-09T22-58-24"
    },
    {
      "testName": "1.2 Security scan (npm audit)",
      "testId": "1.2",
      "layer": 1,
      "status": "PASSED",
      "severity": "HIGH",
      "timestamp": "2026-02-09T22:58:24.329Z",
      "pipelineRunId": "2026-02-09T22-58-24"
    },
    {
      "testName": "1.3 Coverage",
      "testId": "1.3",
      "layer": 1,
      "status": "PASSED",
      "severity": "HIGH",
      "timestamp": "2026-02-09T22:58:24.332Z",
      "pipelineRunId": "2026-02-09T22-58-24"
    },
    {
      "testName": "1.4 Type safety",
      "testId": "1.4",
      "layer": 1,
      "status": "SKIPPED",
      "severity": "MEDIUM",
      "timestamp": "2026-02-09T22:58:24.333Z",
      "pipelineRunId": "2026-02-09T22-58-24"
    },
    {
      "testName": "1.5 Code smell (lint proxy)",
      "testId": "1.5",
      "layer": 1,
      "status": "PASSED",
      "severity": "MEDIUM",
      "timestamp": "2026-02-09T22:58:24.336Z",
      "pipelineRunId": "2026-02-09T22-58-24"
    },
    {
      "testName": "1.6 Documentation",
      "testId": "1.6",
      "layer": 1,
      "status": "PASSED",
      "severity": "LOW",
      "timestamp": "2026-02-09T22:58:24.338Z",
      "pipelineRunId": "2026-02-09T22-58-24"
    },
    {
      "testName": "2.1 Unit tests",
      "testId": "2.1",
      "layer": 2,
      "status": "PASSED",
      "severity": "CRITICAL",
      "timestamp": "2026-02-09T22:58:24.341Z",
      "pipelineRunId": "2026-02-09T22-58-24"
    },
    {
      "testName": "2.2 Component isolation",
      "testId": "2.2",
      "layer": 2,
      "status": "PASSED",
      "severity": "HIGH",
      "timestamp": "2026-02-09T22:58:24.343Z",
      "pipelineRunId": "2026-02-09T22-58-24"
    },
    {
      "testName": "2.3 Error handling in tests",
      "testId": "2.3",
      "layer": 2,
      "status": "PASSED",
      "severity": "MEDIUM",
      "timestamp": "2026-02-09T22:58:24.346Z",
      "pipelineRunId": "2026-02-09T22-58-24"
    },
    {
      "testName": "2.4 Mocks (no real API in unit)",
      "testId": "2.4",
      "layer": 2,
      "status": "PASSED",
      "severity": "MEDIUM",
      "timestamp": "2026-02-09T22:58:24.358Z",
      "pipelineRunId": "2026-02-09T22-58-24"
    },
    {
      "testName": "3.1 API contract",
      "testId": "3.1",
      "layer": 3,
      "status": "FAILED",
      "severity": "CRITICAL",
      "timestamp": "2026-02-09T22:58:43.438Z",
      "pipelineRunId": "2026-02-09T22-58-24",
      "failureReason": "ERROR: file or directory not found: test_api_contract.py\r\n\r\n",
      "correctiveAction": "Fix 3.1 (API contract) and re-run.",
      "manualFixRequired": true
    },
    {
      "testName": "3.2 Database",
      "testId": "3.2",
      "layer": 3,
      "status": "FAILED",
      "severity": "HIGH",
      "timestamp": "2026-02-09T23:01:00.279Z",
      "pipelineRunId": "2026-02-09T22-58-24",
      "failureReason": "============================= test session starts =============================\r\nplatform win32 -- Python 3.13.7, pytest-8.4.1, pluggy-1.6.0 -- C:\\Users\\benxp\\AppData\\Local\\Programs\\Python\\Python313\\python.exe\r\ncachedir: .pytest_cache\r\nbenchmark: 5.1.0 (defaults: timer=time.perf_counter disable_gc=False min_rounds=5 min_time=0.000005 max_time=1.0 calibration_precision=10 warmup=False warmup_iterations=100000)\r\nmetadata: {'Python': '3.13.7', 'Platform': 'Windows-11-10.0.26200-SP0', 'Packages': {'",
      "correctiveAction": "Fix 3.2 (Database) and re-run.",
      "manualFixRequired": true
    },
    {
      "testName": "3.3 Auth contract",
      "testId": "3.3",
      "layer": 3,
      "status": "FAILED",
      "severity": "CRITICAL",
      "timestamp": "2026-02-09T23:01:11.197Z",
      "pipelineRunId": "2026-02-09T22-58-24",
      "failureReason": "ERROR: file or directory not found: test_api_contract.py\r\n\r\n",
      "correctiveAction": "Fix 3.3 (Auth contract) and re-run.",
      "manualFixRequired": true
    },
    {
      "testName": "3.4 External APIs",
      "testId": "3.4",
      "layer": 3,
      "status": "SKIPPED",
      "severity": "MEDIUM",
      "timestamp": "2026-02-09T23:01:11.199Z",
      "pipelineRunId": "2026-02-09T22-58-24"
    },
    {
      "testName": "3.5 State / data flow (E2E)",
      "testId": "3.5",
      "layer": 3,
      "status": "PASSED",
      "severity": "HIGH",
      "timestamp": "2026-02-09T23:01:11.202Z",
      "pipelineRunId": "2026-02-09T22-58-24"
    },
    {
      "testName": "4.1 API response time",
      "testId": "4.1",
      "layer": 4,
      "status": "FAILED",
      "severity": "MEDIUM",
      "timestamp": "2026-02-09T23:01:15.876Z",
      "pipelineRunId": "2026-02-09T22-58-24",
      "failureReason": "ERROR: file or directory not found: test_smoke.py\r\n\r\n",
      "correctiveAction": "Fix 4.1 (API response time) and re-run.",
      "manualFixRequired": true
    },
    {
      "testName": "4.2 Frontend LCP/CLS (Lighthouse)",
      "testId": "4.2",
      "layer": 4,
      "status": "SKIPPED",
      "severity": "MEDIUM",
      "timestamp": "2026-02-09T23:01:15.876Z",
      "pipelineRunId": "2026-02-09T22-58-24"
    },
    {
      "testName": "4.3 Load",
      "testId": "4.3",
      "layer": 4,
      "status": "SKIPPED",
      "severity": "MEDIUM",
      "timestamp": "2026-02-09T23:01:15.876Z",
      "pipelineRunId": "2026-02-09T22-58-24"
    },
    {
      "testName": "5.1 WCAG 2.1 AA (accessibility)",
      "testId": "5.1",
      "layer": 5,
      "status": "PASSED",
      "severity": "MEDIUM",
      "timestamp": "2026-02-09T23:01:15.877Z",
      "pipelineRunId": "2026-02-09T22-58-24"
    },
    {
      "testName": "5.2 UX (manual checklist)",
      "testId": "5.2",
      "layer": 5,
      "status": "SKIPPED",
      "severity": "MEDIUM",
      "timestamp": "2026-02-09T23:01:15.877Z",
      "pipelineRunId": "2026-02-09T22-58-24"
    },
    {
      "testName": "6.1 OWASP / npm audit",
      "testId": "6.1",
      "layer": 6,
      "status": "PASSED",
      "severity": "HIGH",
      "timestamp": "2026-02-09T23:01:15.879Z",
      "pipelineRunId": "2026-02-09T22-58-24"
    },
    {
      "testName": "6.2 Data privacy (no secrets in repo)",
      "testId": "6.2",
      "layer": 6,
      "status": "PASSED",
      "severity": "CRITICAL",
      "timestamp": "2026-02-09T23:01:16.212Z",
      "pipelineRunId": "2026-02-09T22-58-24"
    },
    {
      "testName": "7.1 Critical user journey E2E",
      "testId": "7.1",
      "layer": 7,
      "status": "PASSED",
      "severity": "CRITICAL",
      "timestamp": "2026-02-09T23:01:16.213Z",
      "pipelineRunId": "2026-02-09T22-58-24"
    },
    {
      "testName": "7.2 Error recovery E2E",
      "testId": "7.2",
      "layer": 7,
      "status": "PASSED",
      "severity": "MEDIUM",
      "timestamp": "2026-02-09T23:01:16.214Z",
      "pipelineRunId": "2026-02-09T22-58-24"
    },
    {
      "testName": "8.1 Cross-browser",
      "testId": "8.1",
      "layer": 8,
      "status": "PASSED",
      "severity": "MEDIUM",
      "timestamp": "2026-02-09T23:01:16.215Z",
      "pipelineRunId": "2026-02-09T22-58-24"
    },
    {
      "testName": "9.1 Post-deploy smoke",
      "testId": "9.1",
      "layer": 9,
      "status": "FAILED",
      "severity": "CRITICAL",
      "timestamp": "2026-02-09T23:01:20.429Z",
      "pipelineRunId": "2026-02-09T22-58-24",
      "failureReason": "ERROR: file or directory not found: test_smoke.py\r\n\r\n",
      "correctiveAction": "Fix 9.1 (Post-deploy smoke) and re-run.",
      "manualFixRequired": true
    }
  ]
}